2020-07-06 00:21:13.512  INFO 2484 --- [restartedMain] online.blog.BlogApplication              : Starting BlogApplication on scut-jack with PID 2484 (C:\Users\w\IdeaProjects\blog\target\classes started by w in C:\Users\w\IdeaProjects\blog)
2020-07-06 00:21:13.512  INFO 2484 --- [restartedMain] online.blog.BlogApplication              : The following profiles are active: pro
2020-07-06 00:21:16.904  INFO 2484 --- [restartedMain] online.blog.BlogApplication              : Started BlogApplication in 3.874 seconds (JVM running for 7.458)
2020-07-06 00:21:36.248  INFO 2484 --- [http-nio-80-exec-1] online.blog.aspect.LogAspect             : Request : {url='http://localhost/', ip='0:0:0:0:0:0:0:1', classMethod='online.blog.controller.IndexController.index', args=[{}, 1, {}]}
2020-07-06 00:21:36.522  INFO 2484 --- [http-nio-80-exec-1] online.blog.aspect.LogAspect             : Result : index
2020-07-06 00:21:37.034  INFO 2484 --- [http-nio-80-exec-5] online.blog.aspect.LogAspect             : Request : {url='http://localhost/footer/blogmessage', ip='0:0:0:0:0:0:0:1', classMethod='online.blog.controller.IndexController.blogMessage', args=[{}]}
2020-07-06 00:21:37.080  INFO 2484 --- [http-nio-80-exec-5] online.blog.aspect.LogAspect             : Result : index :: blogMessage
2020-07-06 00:21:45.441  INFO 2484 --- [http-nio-80-exec-10] online.blog.aspect.LogAspect             : Request : {url='http://localhost/footer/blogmessage', ip='0:0:0:0:0:0:0:1', classMethod='online.blog.controller.IndexController.blogMessage', args=[{}]}
2020-07-06 00:21:45.447  INFO 2484 --- [http-nio-80-exec-10] online.blog.aspect.LogAspect             : Result : index :: blogMessage
2020-07-06 00:21:48.130  INFO 2484 --- [http-nio-80-exec-7] online.blog.aspect.LogAspect             : Request : {url='http://localhost/', ip='0:0:0:0:0:0:0:1', classMethod='online.blog.controller.IndexController.index', args=[{}, 1, {}]}
2020-07-06 00:21:48.142  INFO 2484 --- [http-nio-80-exec-7] online.blog.aspect.LogAspect             : Result : index
2020-07-06 00:21:48.216  INFO 2484 --- [http-nio-80-exec-1] online.blog.aspect.LogAspect             : Request : {url='http://localhost/footer/blogmessage', ip='0:0:0:0:0:0:0:1', classMethod='online.blog.controller.IndexController.blogMessage', args=[{}]}
2020-07-06 00:21:48.224  INFO 2484 --- [http-nio-80-exec-1] online.blog.aspect.LogAspect             : Result : index :: blogMessage
2020-07-06 00:21:49.446  INFO 2484 --- [http-nio-80-exec-4] online.blog.aspect.LogAspect             : Request : {url='http://localhost/types/-1', ip='0:0:0:0:0:0:0:1', classMethod='online.blog.controller.TypeShowController.types', args=[1, -1, {}]}
2020-07-06 00:21:49.465  INFO 2484 --- [http-nio-80-exec-4] online.blog.aspect.LogAspect             : Result : types
2020-07-06 00:21:49.575  INFO 2484 --- [http-nio-80-exec-8] online.blog.aspect.LogAspect             : Request : {url='http://localhost/footer/blogmessage', ip='0:0:0:0:0:0:0:1', classMethod='online.blog.controller.IndexController.blogMessage', args=[{}]}
2020-07-06 00:21:49.581  INFO 2484 --- [http-nio-80-exec-8] online.blog.aspect.LogAspect             : Result : index :: blogMessage
2020-07-06 00:21:52.269  INFO 2484 --- [http-nio-80-exec-9] online.blog.aspect.LogAspect             : Request : {url='http://localhost/types/76', ip='0:0:0:0:0:0:0:1', classMethod='online.blog.controller.TypeShowController.types', args=[1, 76, {}]}
2020-07-06 00:21:52.279  INFO 2484 --- [http-nio-80-exec-9] online.blog.aspect.LogAspect             : Result : types
2020-07-06 00:21:52.391  INFO 2484 --- [http-nio-80-exec-2] online.blog.aspect.LogAspect             : Request : {url='http://localhost/footer/blogmessage', ip='0:0:0:0:0:0:0:1', classMethod='online.blog.controller.IndexController.blogMessage', args=[{}]}
2020-07-06 00:21:52.395  INFO 2484 --- [http-nio-80-exec-2] online.blog.aspect.LogAspect             : Result : index :: blogMessage
2020-07-06 00:21:53.312  INFO 2484 --- [http-nio-80-exec-5] online.blog.aspect.LogAspect             : Request : {url='http://localhost/types/62', ip='0:0:0:0:0:0:0:1', classMethod='online.blog.controller.TypeShowController.types', args=[1, 62, {}]}
2020-07-06 00:21:53.312  INFO 2484 --- [http-nio-80-exec-5] online.blog.aspect.LogAspect             : Result : types
2020-07-06 00:21:53.406  INFO 2484 --- [http-nio-80-exec-3] online.blog.aspect.LogAspect             : Request : {url='http://localhost/footer/blogmessage', ip='0:0:0:0:0:0:0:1', classMethod='online.blog.controller.IndexController.blogMessage', args=[{}]}
2020-07-06 00:21:53.413  INFO 2484 --- [http-nio-80-exec-3] online.blog.aspect.LogAspect             : Result : index :: blogMessage
2020-07-06 00:21:56.484  INFO 2484 --- [http-nio-80-exec-1] online.blog.aspect.LogAspect             : Request : {url='http://localhost/types/-1', ip='0:0:0:0:0:0:0:1', classMethod='online.blog.controller.TypeShowController.types', args=[1, -1, {}]}
2020-07-06 00:21:56.492  INFO 2484 --- [http-nio-80-exec-1] online.blog.aspect.LogAspect             : Result : types
2020-07-06 00:21:56.563  INFO 2484 --- [http-nio-80-exec-7] online.blog.aspect.LogAspect             : Request : {url='http://localhost/footer/blogmessage', ip='0:0:0:0:0:0:0:1', classMethod='online.blog.controller.IndexController.blogMessage', args=[{}]}
2020-07-06 00:21:56.572  INFO 2484 --- [http-nio-80-exec-7] online.blog.aspect.LogAspect             : Result : index :: blogMessage
2020-07-06 00:21:57.165  INFO 2484 --- [http-nio-80-exec-10] online.blog.aspect.LogAspect             : Request : {url='http://localhost/', ip='0:0:0:0:0:0:0:1', classMethod='online.blog.controller.IndexController.index', args=[{}, 1, {}]}
2020-07-06 00:21:57.179  INFO 2484 --- [http-nio-80-exec-10] online.blog.aspect.LogAspect             : Result : index
2020-07-06 00:21:57.244  INFO 2484 --- [http-nio-80-exec-1] online.blog.aspect.LogAspect             : Request : {url='http://localhost/footer/blogmessage', ip='0:0:0:0:0:0:0:1', classMethod='online.blog.controller.IndexController.blogMessage', args=[{}]}
2020-07-06 00:21:57.252  INFO 2484 --- [http-nio-80-exec-1] online.blog.aspect.LogAspect             : Result : index :: blogMessage
2020-07-06 00:21:58.821  INFO 2484 --- [http-nio-80-exec-4] online.blog.aspect.LogAspect             : Request : {url='http://localhost/blog/75', ip='0:0:0:0:0:0:0:1', classMethod='online.blog.controller.IndexController.blog', args=[75, {}]}
2020-07-06 00:21:58.904  INFO 2484 --- [http-nio-80-exec-4] online.blog.aspect.LogAspect             : Result : blog
2020-07-06 00:21:59.846  INFO 2484 --- [http-nio-80-exec-9] online.blog.aspect.LogAspect             : Request : {url='http://localhost/footer/blogmessage', ip='0:0:0:0:0:0:0:1', classMethod='online.blog.controller.IndexController.blogMessage', args=[{}]}
2020-07-06 00:21:59.851  INFO 2484 --- [http-nio-80-exec-9] online.blog.aspect.LogAspect             : Result : index :: blogMessage
2020-07-06 00:22:00.046  INFO 2484 --- [http-nio-80-exec-4] online.blog.aspect.LogAspect             : Request : {url='http://localhost/comments/75', ip='0:0:0:0:0:0:0:1', classMethod='online.blog.controller.CommentController.comments', args=[75, {}]}
2020-07-06 00:22:00.058  INFO 2484 --- [http-nio-80-exec-4] online.blog.aspect.LogAspect             : Result : blog :: commentList
2020-07-06 00:22:21.080  INFO 2484 --- [http-nio-80-exec-3] online.blog.aspect.LogAspect             : Request : {url='http://localhost/blog/74', ip='0:0:0:0:0:0:0:1', classMethod='online.blog.controller.IndexController.blog', args=[74, {}]}
2020-07-06 00:22:21.102  INFO 2484 --- [http-nio-80-exec-3] online.blog.aspect.LogAspect             : Result : blog
2020-07-06 00:22:21.740  INFO 2484 --- [http-nio-80-exec-5] online.blog.aspect.LogAspect             : Request : {url='http://localhost/footer/blogmessage', ip='0:0:0:0:0:0:0:1', classMethod='online.blog.controller.IndexController.blogMessage', args=[{}]}
2020-07-06 00:22:21.755  INFO 2484 --- [http-nio-80-exec-5] online.blog.aspect.LogAspect             : Result : index :: blogMessage
2020-07-06 00:22:22.011  INFO 2484 --- [http-nio-80-exec-7] online.blog.aspect.LogAspect             : Request : {url='http://localhost/comments/74', ip='0:0:0:0:0:0:0:1', classMethod='online.blog.controller.CommentController.comments', args=[74, {}]}
2020-07-06 00:22:22.039  INFO 2484 --- [http-nio-80-exec-7] online.blog.aspect.LogAspect             : Result : blog :: commentList
2020-07-06 00:22:33.059  INFO 2484 --- [http-nio-80-exec-10] online.blog.aspect.LogAspect             : Request : {url='http://localhost/comments', ip='0:0:0:0:0:0:0:1', classMethod='online.blog.controller.CommentController.post', args=[Comment{id=null, nickname='jack', email='1694429013@qq.com', content='测试！', avatar='null', createTime=null, blogId=74, parentCommentId=null, parentNickname='null', replyComments=[], parentComment=Comment{id=-1, nickname='null', email='null', content='null', avatar='null', createTime=null, blogId=null, parentCommentId=null, parentNickname='null', replyComments=[], parentComment=null, adminComment=false, blog=null}, adminComment=false, blog=null}, org.apache.catalina.session.StandardSessionFacade@7fea6ac, {comment=Comment{id=null, nickname='jack', email='1694429013@qq.com', content='测试！', avatar='null', createTime=null, blogId=74, parentCommentId=null, parentNickname='null', replyComments=[], parentComment=Comment{id=-1, nickname='null', email='null', content='null', avatar='null', createTime=null, blogId=null, parentCommentId=null, parentNickname='null', replyComments=[], parentComment=null, adminComment=false, blog=null}, adminComment=false, blog=null}, org.springframework.validation.BindingResult.comment=org.springframework.validation.BeanPropertyBindingResult: 0 errors}]}
2020-07-06 00:22:33.075  INFO 2484 --- [http-nio-80-exec-10] online.blog.aspect.LogAspect             : Result : blog :: commentList
2020-07-06 00:22:36.116  INFO 2484 --- [http-nio-80-exec-9] online.blog.aspect.LogAspect             : Request : {url='http://localhost/comment/74/63/delete', ip='0:0:0:0:0:0:0:1', classMethod='online.blog.controller.CommentController.delete', args=[74, 63, Comment{id=63, nickname='null', email='null', content='null', avatar='null', createTime=null, blogId=74, parentCommentId=null, parentNickname='null', replyComments=[], parentComment=null, adminComment=false, blog=null}, {}, {comment=Comment{id=63, nickname='null', email='null', content='null', avatar='null', createTime=null, blogId=74, parentCommentId=null, parentNickname='null', replyComments=[], parentComment=null, adminComment=false, blog=null}, org.springframework.validation.BindingResult.comment=org.springframework.validation.BeanPropertyBindingResult: 0 errors}]}
2020-07-06 00:22:36.141  INFO 2484 --- [http-nio-80-exec-9] online.blog.aspect.LogAspect             : Result : blog
2020-07-06 00:22:36.549  INFO 2484 --- [http-nio-80-exec-3] online.blog.aspect.LogAspect             : Request : {url='http://localhost/footer/blogmessage', ip='0:0:0:0:0:0:0:1', classMethod='online.blog.controller.IndexController.blogMessage', args=[{}]}
2020-07-06 00:22:36.553  INFO 2484 --- [http-nio-80-exec-3] online.blog.aspect.LogAspect             : Result : index :: blogMessage
2020-07-06 00:22:36.672  INFO 2484 --- [http-nio-80-exec-2] online.blog.aspect.LogAspect             : Request : {url='http://localhost/comments/74', ip='0:0:0:0:0:0:0:1', classMethod='online.blog.controller.CommentController.comments', args=[74, {}]}
2020-07-06 00:22:36.678  INFO 2484 --- [http-nio-80-exec-2] online.blog.aspect.LogAspect             : Result : blog :: commentList
